<?xml version="1.0" encoding="UTF-8"?>
<testsuite xmlns:xsi="http://www.w3.org/2001/XMLSchema-instance" xsi:noNamespaceSchemaLocation="https://maven.apache.org/surefire/maven-surefire-plugin/xsd/surefire-test-report.xsd" name="com.qa.testRunner.TestRunnerWithJson" time="1.571" tests="5" errors="0" skipped="0" failures="0">
  <properties>
[...]
</properties>
  <testcase name="Given I perform POST operation for &quot;/posts&quot; with body as" classname="Scenario: Verify PUT operation after POST" time="0.004"/>
  <testcase name="When I perform PUT operation for &quot;/posts/&quot;" classname="Scenario: Verify PUT operation after POST" time="0"/>
  <testcase name="And I perform GET operation for &quot;/posts/&quot; with post number as" classname="Scenario: Verify PUT operation after POST" time="0"/>
  <testcase name="Then I should see body with title as &quot;API Testing&quot;" classname="Scenario: Verify PUT operation after POST" time="0"/>
  <testcase name="Scenario: Verify PUT operation after POST" classname="Scenario: Verify PUT operation after POST" time="0.001"/>
</testsuite>